<?xml version="1.0" encoding="UTF-8"?>
<!-- Generated by org.testng.reporters.JUnitReportReporter -->
<testsuite hostname="user" failures="0" tests="1" name="Test.Testclass" time="0.012" errors="0" timestamp="2020-05-18T09:50:54 IST" skipped="0">
  <testcase classname="Test.Testclass" name="Demo" time="0.012"/>
</testsuite> <!-- Test.Testclass -->
